[DEBUG] 2021-03-16 15:34:25.678 [background-preinit] [] logging - Logging Provider: org.jboss.logging.Log4j2LoggerProvider
[INFO ] 2021-03-16 15:34:25.749 [background-preinit] [] Version - HV000001: Hibernate Validator 6.1.7.Final
[DEBUG] 2021-03-16 15:34:25.769 [background-preinit] [] ValidationXmlParser - Trying to load META-INF/validation.xml for XML based Validator configuration.
[DEBUG] 2021-03-16 15:34:25.773 [background-preinit] [] ResourceLoaderHelper - Trying to load META-INF/validation.xml via TCCL
[DEBUG] 2021-03-16 15:34:25.775 [background-preinit] [] ResourceLoaderHelper - Trying to load META-INF/validation.xml via Hibernate Validator's class loader
[DEBUG] 2021-03-16 15:34:25.776 [background-preinit] [] ValidationXmlParser - No META-INF/validation.xml found. Using annotation based configuration only.
[DEBUG] 2021-03-16 15:34:25.811 [background-preinit] [] TraversableResolvers - Cannot find javax.persistence.Persistence on classpath. Assuming non JPA 2 environment. All properties will per default be traversable.
[DEBUG] 2021-03-16 15:34:25.894 [background-preinit] [] ResourceBundleMessageInterpolator - Loaded expression factory via original TCCL
[DEBUG] 2021-03-16 15:34:26.438 [background-preinit] [] ValidatorFactoryConfigurationHelper - HV000252: Using org.hibernate.validator.internal.engine.DefaultPropertyNodeNameProvider as property node name provider.
[DEBUG] 2021-03-16 15:34:26.453 [background-preinit] [] ValidatorFactoryConfigurationHelper - HV000234: Using org.hibernate.validator.messageinterpolation.ResourceBundleMessageInterpolator as ValidatorFactory-scoped message interpolator.
[DEBUG] 2021-03-16 15:34:26.455 [background-preinit] [] ValidatorFactoryConfigurationHelper - HV000234: Using org.hibernate.validator.internal.engine.resolver.TraverseAllTraversableResolver as ValidatorFactory-scoped traversable resolver.
[DEBUG] 2021-03-16 15:34:26.455 [background-preinit] [] ValidatorFactoryConfigurationHelper - HV000234: Using org.hibernate.validator.internal.util.ExecutableParameterNameProvider as ValidatorFactory-scoped parameter name provider.
[DEBUG] 2021-03-16 15:34:26.456 [background-preinit] [] ValidatorFactoryConfigurationHelper - HV000234: Using org.hibernate.validator.internal.engine.DefaultClockProvider as ValidatorFactory-scoped clock provider.
[DEBUG] 2021-03-16 15:34:26.456 [background-preinit] [] ValidatorFactoryConfigurationHelper - HV000234: Using org.hibernate.validator.internal.engine.scripting.DefaultScriptEvaluatorFactory as ValidatorFactory-scoped script evaluator factory.
[DEBUG] 2021-03-16 15:34:30.252 [main] [] ResourceBundleMessageInterpolator - Loaded expression factory via original TCCL
[DEBUG] 2021-03-16 15:34:30.265 [main] [] AbstractConfigurationImpl - Setting custom MessageInterpolator of type org.springframework.validation.beanvalidation.LocaleContextMessageInterpolator
[DEBUG] 2021-03-16 15:34:30.266 [main] [] AbstractConfigurationImpl - Setting custom ConstraintValidatorFactory of type org.springframework.validation.beanvalidation.SpringConstraintValidatorFactory
[DEBUG] 2021-03-16 15:34:30.267 [main] [] AbstractConfigurationImpl - Setting custom ParameterNameProvider of type org.springframework.validation.beanvalidation.LocalValidatorFactoryBean$1
[DEBUG] 2021-03-16 15:34:30.269 [main] [] ValidationXmlParser - Trying to load META-INF/validation.xml for XML based Validator configuration.
[DEBUG] 2021-03-16 15:34:30.270 [main] [] ResourceLoaderHelper - Trying to load META-INF/validation.xml via user class loader
[DEBUG] 2021-03-16 15:34:30.270 [main] [] ResourceLoaderHelper - Trying to load META-INF/validation.xml via TCCL
[DEBUG] 2021-03-16 15:34:30.271 [main] [] ResourceLoaderHelper - Trying to load META-INF/validation.xml via Hibernate Validator's class loader
[DEBUG] 2021-03-16 15:34:30.272 [main] [] ValidationXmlParser - No META-INF/validation.xml found. Using annotation based configuration only.
[DEBUG] 2021-03-16 15:34:30.274 [main] [] TraversableResolvers - Cannot find javax.persistence.Persistence on classpath. Assuming non JPA 2 environment. All properties will per default be traversable.
[DEBUG] 2021-03-16 15:34:30.277 [main] [] ValidatorFactoryConfigurationHelper - HV000252: Using org.hibernate.validator.internal.engine.DefaultPropertyNodeNameProvider as property node name provider.
[DEBUG] 2021-03-16 15:34:30.277 [main] [] ValidatorFactoryConfigurationHelper - HV000234: Using org.springframework.validation.beanvalidation.LocaleContextMessageInterpolator as ValidatorFactory-scoped message interpolator.
[DEBUG] 2021-03-16 15:34:30.278 [main] [] ValidatorFactoryConfigurationHelper - HV000234: Using org.hibernate.validator.internal.engine.resolver.TraverseAllTraversableResolver as ValidatorFactory-scoped traversable resolver.
[DEBUG] 2021-03-16 15:34:30.278 [main] [] ValidatorFactoryConfigurationHelper - HV000234: Using org.hibernate.validator.internal.util.ExecutableParameterNameProvider as ValidatorFactory-scoped parameter name provider.
[DEBUG] 2021-03-16 15:34:30.279 [main] [] ValidatorFactoryConfigurationHelper - HV000234: Using org.hibernate.validator.internal.engine.DefaultClockProvider as ValidatorFactory-scoped clock provider.
[DEBUG] 2021-03-16 15:34:30.279 [main] [] ValidatorFactoryConfigurationHelper - HV000234: Using org.hibernate.validator.internal.engine.scripting.DefaultScriptEvaluatorFactory as ValidatorFactory-scoped script evaluator factory.
[DEBUG] 2021-03-16 15:34:34.129 [main] [] ResourceBundleMessageInterpolator - Loaded expression factory via original TCCL
[DEBUG] 2021-03-16 15:34:34.143 [main] [] AbstractConfigurationImpl - Setting custom MessageInterpolator of type org.springframework.validation.beanvalidation.LocaleContextMessageInterpolator
[DEBUG] 2021-03-16 15:34:34.143 [main] [] AbstractConfigurationImpl - Setting custom ConstraintValidatorFactory of type org.springframework.validation.beanvalidation.SpringConstraintValidatorFactory
[DEBUG] 2021-03-16 15:34:34.144 [main] [] AbstractConfigurationImpl - Setting custom ParameterNameProvider of type org.springframework.validation.beanvalidation.LocalValidatorFactoryBean$1
[DEBUG] 2021-03-16 15:34:34.144 [main] [] ValidationXmlParser - Trying to load META-INF/validation.xml for XML based Validator configuration.
[DEBUG] 2021-03-16 15:34:34.145 [main] [] ResourceLoaderHelper - Trying to load META-INF/validation.xml via user class loader
[DEBUG] 2021-03-16 15:34:34.146 [main] [] ResourceLoaderHelper - Trying to load META-INF/validation.xml via TCCL
[DEBUG] 2021-03-16 15:34:34.146 [main] [] ResourceLoaderHelper - Trying to load META-INF/validation.xml via Hibernate Validator's class loader
[DEBUG] 2021-03-16 15:34:34.147 [main] [] ValidationXmlParser - No META-INF/validation.xml found. Using annotation based configuration only.
[DEBUG] 2021-03-16 15:34:34.149 [main] [] TraversableResolvers - Cannot find javax.persistence.Persistence on classpath. Assuming non JPA 2 environment. All properties will per default be traversable.
[DEBUG] 2021-03-16 15:34:34.159 [main] [] ValidatorFactoryConfigurationHelper - HV000252: Using org.hibernate.validator.internal.engine.DefaultPropertyNodeNameProvider as property node name provider.
[DEBUG] 2021-03-16 15:34:34.162 [main] [] ValidatorFactoryConfigurationHelper - HV000234: Using org.springframework.validation.beanvalidation.LocaleContextMessageInterpolator as ValidatorFactory-scoped message interpolator.
[DEBUG] 2021-03-16 15:34:34.163 [main] [] ValidatorFactoryConfigurationHelper - HV000234: Using org.hibernate.validator.internal.engine.resolver.TraverseAllTraversableResolver as ValidatorFactory-scoped traversable resolver.
[DEBUG] 2021-03-16 15:34:34.164 [main] [] ValidatorFactoryConfigurationHelper - HV000234: Using org.hibernate.validator.internal.util.ExecutableParameterNameProvider as ValidatorFactory-scoped parameter name provider.
[DEBUG] 2021-03-16 15:34:34.164 [main] [] ValidatorFactoryConfigurationHelper - HV000234: Using org.hibernate.validator.internal.engine.DefaultClockProvider as ValidatorFactory-scoped clock provider.
[DEBUG] 2021-03-16 15:34:34.167 [main] [] ValidatorFactoryConfigurationHelper - HV000234: Using org.hibernate.validator.internal.engine.scripting.DefaultScriptEvaluatorFactory as ValidatorFactory-scoped script evaluator factory.
